  [1m[35m (3.0ms)[0m  [1m[34mSELECT sqlite_version(*)[0m
  [1m[35m (13.0ms)[0m  [1m[35mCREATE TABLE "schema_migrations" ("version" varchar NOT NULL PRIMARY KEY)[0m
  [1m[35m (9.0ms)[0m  [1m[35mCREATE TABLE "ar_internal_metadata" ("key" varchar NOT NULL PRIMARY KEY, "value" varchar, "created_at" datetime(6) NOT NULL, "updated_at" datetime(6) NOT NULL)[0m
  [1m[35m (0.2ms)[0m  [1m[34mSELECT "schema_migrations"."version" FROM "schema_migrations" ORDER BY "schema_migrations"."version" ASC[0m
Migrating to CreateGifs (20201011222243)
  [1m[35m (0.0ms)[0m  [1m[36mbegin transaction[0m
  [1m[35m (1.2ms)[0m  [1m[35mCREATE TABLE "gifs" ("id" integer PRIMARY KEY AUTOINCREMENT NOT NULL, "title" varchar, "gif_add" varchar, "created_at" datetime(6) NOT NULL, "updated_at" datetime(6) NOT NULL)[0m
  [1m[36mprimary::SchemaMigration Create (0.2ms)[0m  [1m[32mINSERT INTO "schema_migrations" ("version") VALUES (?)[0m  [["version", "20201011222243"]]
  [1m[35m (8.8ms)[0m  [1m[36mcommit transaction[0m
  [1m[36mActiveRecord::InternalMetadata Load (0.2ms)[0m  [1m[34mSELECT "ar_internal_metadata".* FROM "ar_internal_metadata" WHERE "ar_internal_metadata"."key" = ? LIMIT ?[0m  [["key", "environment"], ["LIMIT", 1]]
  [1m[35m (0.1ms)[0m  [1m[36mbegin transaction[0m
  [1m[36mActiveRecord::InternalMetadata Create (1.1ms)[0m  [1m[32mINSERT INTO "ar_internal_metadata" ("key", "value", "created_at", "updated_at") VALUES (?, ?, ?, ?)[0m  [["key", "environment"], ["value", "development"], ["created_at", "2020-10-11 22:25:08.840606"], ["updated_at", "2020-10-11 22:25:08.840606"]]
  [1m[35m (8.8ms)[0m  [1m[36mcommit transaction[0m
  [1m[35m (0.1ms)[0m  [1m[34mSELECT sqlite_version(*)[0m
  [1m[35m (0.2ms)[0m  [1m[34mSELECT "schema_migrations"."version" FROM "schema_migrations" ORDER BY "schema_migrations"."version" ASC[0m
  [1m[35m (3.3ms)[0m  [1m[34mSELECT sqlite_version(*)[0m
  [1m[35m (0.3ms)[0m  [1m[34mSELECT "schema_migrations"."version" FROM "schema_migrations" ORDER BY "schema_migrations"."version" ASC[0m
  [1m[36mActiveRecord::InternalMetadata Load (0.2ms)[0m  [1m[34mSELECT "ar_internal_metadata".* FROM "ar_internal_metadata" WHERE "ar_internal_metadata"."key" = ? LIMIT ?[0m  [["key", "environment"], ["LIMIT", 1]]
  [1m[35m (0.0ms)[0m  [1m[34mSELECT sqlite_version(*)[0m
  [1m[35m (0.2ms)[0m  [1m[34mSELECT "schema_migrations"."version" FROM "schema_migrations" ORDER BY "schema_migrations"."version" ASC[0m
Started GET "/" for 127.0.0.1 at 2020-10-11 20:10:30 -0500
  [1m[35m (3.2ms)[0m  [1m[34mSELECT sqlite_version(*)[0m
  [1m[35m (0.2ms)[0m  [1m[34mSELECT "schema_migrations"."version" FROM "schema_migrations" ORDER BY "schema_migrations"."version" ASC[0m
Processing by Rails::WelcomeController#index as HTML
  Rendering C:/Ruby26-x64/lib/ruby/gems/2.6.0/gems/railties-6.0.3.4/lib/rails/templates/rails/welcome/index.html.erb
  Rendered C:/Ruby26-x64/lib/ruby/gems/2.6.0/gems/railties-6.0.3.4/lib/rails/templates/rails/welcome/index.html.erb (Duration: 7.4ms | Allocations: 416)
Completed 200 OK in 33ms (Views: 18.4ms | ActiveRecord: 0.0ms | Allocations: 2221)


Started GET "/gifs" for 127.0.0.1 at 2020-10-11 20:10:34 -0500
Processing by GifsController#index as HTML
  [1m[36mGif Load (0.4ms)[0m  [1m[34mSELECT "gifs".* FROM "gifs"[0m
  ↳ app/controllers/gifs_controller.rb:8:in `index'
Completed 200 OK in 13ms (Views: 9.3ms | ActiveRecord: 0.9ms | Allocations: 1741)


  [1m[35m (3.0ms)[0m  [1m[34mSELECT sqlite_version(*)[0m
  [1m[35m (0.2ms)[0m  [1m[34mSELECT "schema_migrations"."version" FROM "schema_migrations" ORDER BY "schema_migrations"."version" ASC[0m
  [1m[35m (0.1ms)[0m  [1m[34mSELECT sqlite_version(*)[0m
  [1m[35m (0.0ms)[0m  [1m[36mbegin transaction[0m
  [1m[36mGif Create (3.1ms)[0m  [1m[32mINSERT INTO "gifs" ("title", "gif_add", "created_at", "updated_at") VALUES (?, ?, ?, ?)[0m  [["title", "crazy dog"], ["gif_add", "https://i.pinimg.com/originals/fd/3c/cd/fd3ccd7b49e366b4206f5ac7f8fa8dac.gif"], ["created_at", "2020-10-12 01:12:52.303602"], ["updated_at", "2020-10-12 01:12:52.303602"]]
  [1m[35m (8.8ms)[0m  [1m[36mcommit transaction[0m
Started GET "/gifs" for 127.0.0.1 at 2020-10-11 20:13:02 -0500
  [1m[35m (3.0ms)[0m  [1m[34mSELECT sqlite_version(*)[0m
  [1m[35m (0.2ms)[0m  [1m[34mSELECT "schema_migrations"."version" FROM "schema_migrations" ORDER BY "schema_migrations"."version" ASC[0m
Processing by GifsController#index as HTML
  [1m[36mGif Load (0.3ms)[0m  [1m[34mSELECT "gifs".* FROM "gifs"[0m
  ↳ app/controllers/gifs_controller.rb:8:in `index'
Completed 200 OK in 27ms (Views: 21.0ms | ActiveRecord: 2.9ms | Allocations: 5211)


  [1m[35m (3.0ms)[0m  [1m[34mSELECT sqlite_version(*)[0m
  [1m[35m (0.2ms)[0m  [1m[34mSELECT "schema_migrations"."version" FROM "schema_migrations" ORDER BY "schema_migrations"."version" ASC[0m
  [1m[35m (0.2ms)[0m  [1m[34mSELECT "ar_internal_metadata"."value" FROM "ar_internal_metadata" WHERE "ar_internal_metadata"."key" = ?[0m  [["key", "environment"]]
  [1m[35m (0.1ms)[0m  [1m[34mSELECT "schema_migrations"."version" FROM "schema_migrations" ORDER BY "schema_migrations"."version" ASC[0m
  [1m[35m (0.1ms)[0m  [1m[34mSELECT "ar_internal_metadata"."value" FROM "ar_internal_metadata" WHERE "ar_internal_metadata"."key" = ?[0m  [["key", "environment"]]
  [1m[35m (0.1ms)[0m  [1m[34mSELECT "schema_migrations"."version" FROM "schema_migrations" ORDER BY "schema_migrations"."version" ASC[0m
  [1m[35m (0.1ms)[0m  [1m[34mSELECT "ar_internal_metadata"."value" FROM "ar_internal_metadata" WHERE "ar_internal_metadata"."key" = ?[0m  [["key", "environment"]]
  [1m[35m (3.0ms)[0m  [1m[34mSELECT sqlite_version(*)[0m
  [1m[35m (12.9ms)[0m  [1m[35mCREATE TABLE "schema_migrations" ("version" varchar NOT NULL PRIMARY KEY)[0m
  [1m[35m (8.5ms)[0m  [1m[35mCREATE TABLE "ar_internal_metadata" ("key" varchar NOT NULL PRIMARY KEY, "value" varchar, "created_at" datetime(6) NOT NULL, "updated_at" datetime(6) NOT NULL)[0m
  [1m[35m (0.2ms)[0m  [1m[34mSELECT "schema_migrations"."version" FROM "schema_migrations" ORDER BY "schema_migrations"."version" ASC[0m
Migrating to CreateGifs (20201011222243)
  [1m[35m (0.0ms)[0m  [1m[36mbegin transaction[0m
  [1m[35m (1.2ms)[0m  [1m[35mCREATE TABLE "gifs" ("id" integer PRIMARY KEY AUTOINCREMENT NOT NULL, "title" varchar, "gif_add" varchar, "created_at" datetime(6) NOT NULL, "updated_at" datetime(6) NOT NULL)[0m
  [1m[36mprimary::SchemaMigration Create (0.5ms)[0m  [1m[32mINSERT INTO "schema_migrations" ("version") VALUES (?)[0m  [["version", "20201011222243"]]
  [1m[35m (8.9ms)[0m  [1m[36mcommit transaction[0m
  [1m[36mActiveRecord::InternalMetadata Load (0.2ms)[0m  [1m[34mSELECT "ar_internal_metadata".* FROM "ar_internal_metadata" WHERE "ar_internal_metadata"."key" = ? LIMIT ?[0m  [["key", "environment"], ["LIMIT", 1]]
  [1m[35m (0.0ms)[0m  [1m[36mbegin transaction[0m
  [1m[36mActiveRecord::InternalMetadata Create (1.5ms)[0m  [1m[32mINSERT INTO "ar_internal_metadata" ("key", "value", "created_at", "updated_at") VALUES (?, ?, ?, ?)[0m  [["key", "environment"], ["value", "development"], ["created_at", "2020-10-12 01:16:22.670720"], ["updated_at", "2020-10-12 01:16:22.670720"]]
  [1m[35m (8.0ms)[0m  [1m[36mcommit transaction[0m
  [1m[35m (0.1ms)[0m  [1m[34mSELECT sqlite_version(*)[0m
  [1m[35m (0.2ms)[0m  [1m[34mSELECT "schema_migrations"."version" FROM "schema_migrations" ORDER BY "schema_migrations"."version" ASC[0m
  [1m[35m (3.0ms)[0m  [1m[34mSELECT sqlite_version(*)[0m
  [1m[35m (0.2ms)[0m  [1m[34mSELECT "schema_migrations"."version" FROM "schema_migrations" ORDER BY "schema_migrations"."version" ASC[0m
  [1m[35m (0.0ms)[0m  [1m[34mSELECT sqlite_version(*)[0m
  [1m[35m (0.0ms)[0m  [1m[36mbegin transaction[0m
  [1m[36mGif Create (2.7ms)[0m  [1m[32mINSERT INTO "gifs" ("title", "gif_add", "created_at", "updated_at") VALUES (?, ?, ?, ?)[0m  [["title", "wild egg"], ["gif_add", "https://i.pinimg.com/originals/fd/3c/cd/fd3ccd7b49e366b4206f5ac7f8fa8dac.gif"], ["created_at", "2020-10-12 01:16:35.582256"], ["updated_at", "2020-10-12 01:16:35.582256"]]
  [1m[35m (7.8ms)[0m  [1m[36mcommit transaction[0m
  [1m[35m (0.0ms)[0m  [1m[36mbegin transaction[0m
  [1m[36mGif Create (1.1ms)[0m  [1m[32mINSERT INTO "gifs" ("title", "gif_add", "created_at", "updated_at") VALUES (?, ?, ?, ?)[0m  [["title", "Homer Sip"], ["gif_add", "https://compote.slate.com/images/697b023b-64a5-49a0-8059-27b963453fb1.gif"], ["created_at", "2020-10-12 01:16:35.595172"], ["updated_at", "2020-10-12 01:16:35.595172"]]
  [1m[35m (11.3ms)[0m  [1m[36mcommit transaction[0m
  [1m[35m (0.0ms)[0m  [1m[36mbegin transaction[0m
  [1m[36mGif Create (1.0ms)[0m  [1m[32mINSERT INTO "gifs" ("title", "gif_add", "created_at", "updated_at") VALUES (?, ?, ?, ?)[0m  [["title", "Earth Moon Dawg"], ["gif_add", "https://blog.loomly.com/wp-content/uploads/2019/06/earth.gif"], ["created_at", "2020-10-12 01:16:35.609902"], ["updated_at", "2020-10-12 01:16:35.609902"]]
  [1m[35m (8.5ms)[0m  [1m[36mcommit transaction[0m
  [1m[35m (0.0ms)[0m  [1m[36mbegin transaction[0m
  [1m[36mGif Create (0.9ms)[0m  [1m[32mINSERT INTO "gifs" ("title", "gif_add", "created_at", "updated_at") VALUES (?, ?, ?, ?)[0m  [["title", "Hugz"], ["gif_add", "https://i.pinimg.com/originals/39/6d/8c/396d8cf19235b7b437d1067045a63b5a.gif"], ["created_at", "2020-10-12 01:16:35.621492"], ["updated_at", "2020-10-12 01:16:35.621492"]]
  [1m[35m (10.5ms)[0m  [1m[36mcommit transaction[0m
  [1m[35m (0.0ms)[0m  [1m[36mbegin transaction[0m
  [1m[36mGif Create (0.9ms)[0m  [1m[32mINSERT INTO "gifs" ("title", "gif_add", "created_at", "updated_at") VALUES (?, ?, ?, ?)[0m  [["title", "pik-achoo"], ["gif_add", "https://media0.giphy.com/media/3kzJvEciJa94SMW3hN/giphy.gif"], ["created_at", "2020-10-12 01:16:35.635268"], ["updated_at", "2020-10-12 01:16:35.635268"]]
  [1m[35m (7.8ms)[0m  [1m[36mcommit transaction[0m
Started GET "/todos" for 127.0.0.1 at 2020-10-11 20:16:58 -0500
  [1m[35m (3.0ms)[0m  [1m[34mSELECT sqlite_version(*)[0m
  [1m[35m (0.2ms)[0m  [1m[34mSELECT "schema_migrations"."version" FROM "schema_migrations" ORDER BY "schema_migrations"."version" ASC[0m
  
ActionController::RoutingError (No route matches [GET] "/todos"):
  
actionpack (6.0.3.4) lib/action_dispatch/middleware/debug_exceptions.rb:36:in `call'
actionpack (6.0.3.4) lib/action_dispatch/middleware/show_exceptions.rb:33:in `call'
railties (6.0.3.4) lib/rails/rack/logger.rb:37:in `call_app'
railties (6.0.3.4) lib/rails/rack/logger.rb:26:in `block in call'
activesupport (6.0.3.4) lib/active_support/tagged_logging.rb:80:in `block in tagged'
activesupport (6.0.3.4) lib/active_support/tagged_logging.rb:28:in `tagged'
activesupport (6.0.3.4) lib/active_support/tagged_logging.rb:80:in `tagged'
railties (6.0.3.4) lib/rails/rack/logger.rb:26:in `call'
actionpack (6.0.3.4) lib/action_dispatch/middleware/remote_ip.rb:81:in `call'
actionpack (6.0.3.4) lib/action_dispatch/middleware/request_id.rb:27:in `call'
rack (2.2.3) lib/rack/runtime.rb:22:in `call'
activesupport (6.0.3.4) lib/active_support/cache/strategy/local_cache_middleware.rb:29:in `call'
actionpack (6.0.3.4) lib/action_dispatch/middleware/executor.rb:14:in `call'
actionpack (6.0.3.4) lib/action_dispatch/middleware/static.rb:126:in `call'
rack (2.2.3) lib/rack/sendfile.rb:110:in `call'
actionpack (6.0.3.4) lib/action_dispatch/middleware/host_authorization.rb:82:in `call'
railties (6.0.3.4) lib/rails/engine.rb:527:in `call'
puma (4.3.6) lib/puma/configuration.rb:228:in `call'
puma (4.3.6) lib/puma/server.rb:713:in `handle_request'
puma (4.3.6) lib/puma/server.rb:472:in `process_client'
puma (4.3.6) lib/puma/server.rb:328:in `block in run'
puma (4.3.6) lib/puma/thread_pool.rb:134:in `block in spawn_thread'
Started GET "/gifs" for 127.0.0.1 at 2020-10-11 20:17:06 -0500
Processing by GifsController#index as HTML
  [1m[36mGif Load (0.3ms)[0m  [1m[34mSELECT "gifs".* FROM "gifs"[0m
  ↳ app/controllers/gifs_controller.rb:8:in `index'
Completed 200 OK in 21ms (Views: 15.3ms | ActiveRecord: 1.7ms | Allocations: 5916)


Started GET "/gifs" for 127.0.0.1 at 2020-10-11 20:19:20 -0500
Processing by GifsController#index as HTML
  [1m[36mGif Load (0.3ms)[0m  [1m[34mSELECT "gifs".* FROM "gifs"[0m
  ↳ app/controllers/gifs_controller.rb:8:in `index'
Completed 200 OK in 13ms (Views: 12.3ms | ActiveRecord: 0.3ms | Allocations: 1609)


Started GET "/gifs" for 127.0.0.1 at 2020-10-11 20:19:38 -0500
Processing by GifsController#index as HTML
  [1m[36mGif Load (0.3ms)[0m  [1m[34mSELECT "gifs".* FROM "gifs"[0m
  ↳ app/controllers/gifs_controller.rb:8:in `index'
Completed 200 OK in 16ms (Views: 15.5ms | ActiveRecord: 0.3ms | Allocations: 1609)


Started GET "/gifs" for 127.0.0.1 at 2020-10-11 20:23:10 -0500
Processing by GifsController#index as HTML
  [1m[36mGif Load (0.4ms)[0m  [1m[34mSELECT "gifs".* FROM "gifs"[0m
  ↳ app/controllers/gifs_controller.rb:8:in `index'
Completed 200 OK in 14ms (Views: 13.6ms | ActiveRecord: 0.4ms | Allocations: 1592)


Started GET "/gifs" for 127.0.0.1 at 2020-10-11 20:43:25 -0500
  [1m[35m (3.0ms)[0m  [1m[34mSELECT sqlite_version(*)[0m
  [1m[35m (0.2ms)[0m  [1m[34mSELECT "schema_migrations"."version" FROM "schema_migrations" ORDER BY "schema_migrations"."version" ASC[0m
Processing by GifsController#index as */*
  [1m[36mGif Load (0.3ms)[0m  [1m[34mSELECT "gifs".* FROM "gifs"[0m
  ↳ app/controllers/gifs_controller.rb:8:in `index'
Completed 200 OK in 15ms (Views: 10.4ms | ActiveRecord: 1.3ms | Allocations: 5835)


Started GET "/gifs" for 127.0.0.1 at 2020-10-11 20:51:47 -0500
  [1m[35m (0.1ms)[0m  [1m[34mSELECT sqlite_version(*)[0m
Processing by GifsController#index as */*
  [1m[36mGif Load (0.4ms)[0m  [1m[34mSELECT "gifs".* FROM "gifs"[0m
  ↳ app/controllers/gifs_controller.rb:8:in `index'
Completed 200 OK in 6ms (Views: 5.4ms | ActiveRecord: 0.4ms | Allocations: 1624)


Started GET "/gifs" for 127.0.0.1 at 2020-10-11 20:52:24 -0500
Processing by GifsController#index as */*
  [1m[36mGif Load (0.2ms)[0m  [1m[34mSELECT "gifs".* FROM "gifs"[0m
  ↳ app/controllers/gifs_controller.rb:8:in `index'
Completed 200 OK in 12ms (Views: 11.3ms | ActiveRecord: 0.2ms | Allocations: 1612)


Started GET "/gifs" for 127.0.0.1 at 2020-10-11 20:52:42 -0500
Processing by GifsController#index as */*
  [1m[36mGif Load (0.3ms)[0m  [1m[34mSELECT "gifs".* FROM "gifs"[0m
  ↳ app/controllers/gifs_controller.rb:8:in `index'
Completed 200 OK in 20ms (Views: 19.6ms | ActiveRecord: 0.3ms | Allocations: 1612)


Started GET "/gifs" for 127.0.0.1 at 2020-10-11 20:52:51 -0500
Processing by GifsController#index as */*
  [1m[36mGif Load (0.2ms)[0m  [1m[34mSELECT "gifs".* FROM "gifs"[0m
  ↳ app/controllers/gifs_controller.rb:8:in `index'
Completed 200 OK in 12ms (Views: 11.1ms | ActiveRecord: 0.2ms | Allocations: 1612)


Started GET "/gifs" for 127.0.0.1 at 2020-10-11 20:53:03 -0500
Processing by GifsController#index as */*
  [1m[36mGif Load (0.3ms)[0m  [1m[34mSELECT "gifs".* FROM "gifs"[0m
  ↳ app/controllers/gifs_controller.rb:8:in `index'
Completed 200 OK in 13ms (Views: 12.5ms | ActiveRecord: 0.3ms | Allocations: 1595)


Started GET "/gifs" for 127.0.0.1 at 2020-10-11 20:53:11 -0500
Processing by GifsController#index as */*
  [1m[36mGif Load (0.2ms)[0m  [1m[34mSELECT "gifs".* FROM "gifs"[0m
  ↳ app/controllers/gifs_controller.rb:8:in `index'
Completed 200 OK in 12ms (Views: 11.5ms | ActiveRecord: 0.2ms | Allocations: 1595)


Started GET "/gifs" for 127.0.0.1 at 2020-10-11 20:53:44 -0500
Processing by GifsController#index as */*
  [1m[36mGif Load (0.2ms)[0m  [1m[34mSELECT "gifs".* FROM "gifs"[0m
  ↳ app/controllers/gifs_controller.rb:8:in `index'
Completed 200 OK in 13ms (Views: 12.2ms | ActiveRecord: 0.2ms | Allocations: 1595)


Started GET "/gifs" for 127.0.0.1 at 2020-10-11 20:54:12 -0500
Processing by GifsController#index as */*
  [1m[36mGif Load (0.2ms)[0m  [1m[34mSELECT "gifs".* FROM "gifs"[0m
  ↳ app/controllers/gifs_controller.rb:8:in `index'
Completed 200 OK in 13ms (Views: 12.2ms | ActiveRecord: 0.2ms | Allocations: 1595)


Started GET "/gifs" for 127.0.0.1 at 2020-10-11 22:14:53 -0500
  [1m[35m (0.1ms)[0m  [1m[34mSELECT sqlite_version(*)[0m
Processing by GifsController#index as */*
  [1m[36mGif Load (0.5ms)[0m  [1m[34mSELECT "gifs".* FROM "gifs"[0m
  ↳ app/controllers/gifs_controller.rb:8:in `index'
Completed 200 OK in 15ms (Views: 14.3ms | ActiveRecord: 0.5ms | Allocations: 1613)


Started GET "/gifs" for 127.0.0.1 at 2020-10-11 22:14:54 -0500
Processing by GifsController#index as */*
  [1m[36mGif Load (0.3ms)[0m  [1m[34mSELECT "gifs".* FROM "gifs"[0m
  ↳ app/controllers/gifs_controller.rb:8:in `index'
Completed 200 OK in 16ms (Views: 15.1ms | ActiveRecord: 0.3ms | Allocations: 1595)


Started GET "/gifs" for 127.0.0.1 at 2020-10-11 22:14:55 -0500
Processing by GifsController#index as */*
  [1m[36mGif Load (0.2ms)[0m  [1m[34mSELECT "gifs".* FROM "gifs"[0m
  ↳ app/controllers/gifs_controller.rb:8:in `index'
Completed 200 OK in 14ms (Views: 14.1ms | ActiveRecord: 0.2ms | Allocations: 1595)


Started GET "/gifs" for 127.0.0.1 at 2020-10-11 22:14:55 -0500
Processing by GifsController#index as */*
  [1m[36mGif Load (0.2ms)[0m  [1m[34mSELECT "gifs".* FROM "gifs"[0m
  ↳ app/controllers/gifs_controller.rb:8:in `index'
Completed 200 OK in 11ms (Views: 10.6ms | ActiveRecord: 0.2ms | Allocations: 1595)


Started GET "/gifs" for 127.0.0.1 at 2020-10-11 22:14:55 -0500
Processing by GifsController#index as */*
  [1m[36mGif Load (0.2ms)[0m  [1m[34mSELECT "gifs".* FROM "gifs"[0m
  ↳ app/controllers/gifs_controller.rb:8:in `index'
Completed 200 OK in 18ms (Views: 17.3ms | ActiveRecord: 0.2ms | Allocations: 1597)


Started GET "/gifs" for 127.0.0.1 at 2020-10-11 22:14:55 -0500
Processing by GifsController#index as */*
  [1m[36mGif Load (0.2ms)[0m  [1m[34mSELECT "gifs".* FROM "gifs"[0m
  ↳ app/controllers/gifs_controller.rb:8:in `index'
Completed 200 OK in 12ms (Views: 12.0ms | ActiveRecord: 0.2ms | Allocations: 1595)


Started GET "/gifs" for 127.0.0.1 at 2020-10-11 22:14:56 -0500
Processing by GifsController#index as */*
  [1m[36mGif Load (0.2ms)[0m  [1m[34mSELECT "gifs".* FROM "gifs"[0m
  ↳ app/controllers/gifs_controller.rb:8:in `index'
Completed 200 OK in 12ms (Views: 11.2ms | ActiveRecord: 0.2ms | Allocations: 1595)


Started GET "/gifs" for 127.0.0.1 at 2020-10-11 22:14:56 -0500
Processing by GifsController#index as */*
  [1m[36mGif Load (0.2ms)[0m  [1m[34mSELECT "gifs".* FROM "gifs"[0m
  ↳ app/controllers/gifs_controller.rb:8:in `index'
Completed 200 OK in 13ms (Views: 12.9ms | ActiveRecord: 0.2ms | Allocations: 1595)


Started GET "/gifs" for 127.0.0.1 at 2020-10-11 22:14:56 -0500
Processing by GifsController#index as */*
  [1m[36mGif Load (0.2ms)[0m  [1m[34mSELECT "gifs".* FROM "gifs"[0m
  ↳ app/controllers/gifs_controller.rb:8:in `index'
Completed 200 OK in 11ms (Views: 11.0ms | ActiveRecord: 0.2ms | Allocations: 1595)


Started GET "/gifs" for 127.0.0.1 at 2020-10-11 22:14:56 -0500
Processing by GifsController#index as */*
  [1m[36mGif Load (0.2ms)[0m  [1m[34mSELECT "gifs".* FROM "gifs"[0m
  ↳ app/controllers/gifs_controller.rb:8:in `index'
Completed 200 OK in 12ms (Views: 12.0ms | ActiveRecord: 0.2ms | Allocations: 1596)


Started GET "/gifs" for 127.0.0.1 at 2020-10-11 22:14:57 -0500
Processing by GifsController#index as */*
  [1m[36mGif Load (0.3ms)[0m  [1m[34mSELECT "gifs".* FROM "gifs"[0m
  ↳ app/controllers/gifs_controller.rb:8:in `index'
Completed 200 OK in 13ms (Views: 12.7ms | ActiveRecord: 0.3ms | Allocations: 1595)


Started GET "/gifs" for 127.0.0.1 at 2020-10-11 22:14:58 -0500
Processing by GifsController#index as */*
  [1m[36mGif Load (0.2ms)[0m  [1m[34mSELECT "gifs".* FROM "gifs"[0m
  ↳ app/controllers/gifs_controller.rb:8:in `index'
Completed 200 OK in 12ms (Views: 11.8ms | ActiveRecord: 0.2ms | Allocations: 1595)


Started GET "/gifs" for 127.0.0.1 at 2020-10-11 22:15:50 -0500
Processing by GifsController#index as */*
  [1m[36mGif Load (0.2ms)[0m  [1m[34mSELECT "gifs".* FROM "gifs"[0m
  ↳ app/controllers/gifs_controller.rb:8:in `index'
Completed 200 OK in 13ms (Views: 12.6ms | ActiveRecord: 0.2ms | Allocations: 1595)


Started GET "/gifs" for 127.0.0.1 at 2020-10-11 22:16:24 -0500
Processing by GifsController#index as */*
  [1m[36mGif Load (0.2ms)[0m  [1m[34mSELECT "gifs".* FROM "gifs"[0m
  ↳ app/controllers/gifs_controller.rb:8:in `index'
Completed 200 OK in 12ms (Views: 11.6ms | ActiveRecord: 0.2ms | Allocations: 1595)


Started GET "/gifs" for 127.0.0.1 at 2020-10-11 22:16:25 -0500
Processing by GifsController#index as */*
  [1m[36mGif Load (0.2ms)[0m  [1m[34mSELECT "gifs".* FROM "gifs"[0m
  ↳ app/controllers/gifs_controller.rb:8:in `index'
Completed 200 OK in 25ms (Views: 24.2ms | ActiveRecord: 0.2ms | Allocations: 1595)


Started GET "/gifs" for 127.0.0.1 at 2020-10-11 22:16:25 -0500
Processing by GifsController#index as */*
  [1m[36mGif Load (0.2ms)[0m  [1m[34mSELECT "gifs".* FROM "gifs"[0m
  ↳ app/controllers/gifs_controller.rb:8:in `index'
Completed 200 OK in 12ms (Views: 11.7ms | ActiveRecord: 0.2ms | Allocations: 1595)


Started GET "/gifs" for 127.0.0.1 at 2020-10-11 22:16:25 -0500
Processing by GifsController#index as */*
  [1m[36mGif Load (0.2ms)[0m  [1m[34mSELECT "gifs".* FROM "gifs"[0m
  ↳ app/controllers/gifs_controller.rb:8:in `index'
Completed 200 OK in 11ms (Views: 10.8ms | ActiveRecord: 0.2ms | Allocations: 1595)


Started GET "/gifs" for 127.0.0.1 at 2020-10-11 22:19:49 -0500
Processing by GifsController#index as */*
  [1m[36mGif Load (0.2ms)[0m  [1m[34mSELECT "gifs".* FROM "gifs"[0m
  ↳ app/controllers/gifs_controller.rb:8:in `index'
Completed 200 OK in 13ms (Views: 12.7ms | ActiveRecord: 0.2ms | Allocations: 1595)


Started GET "/gifs" for 127.0.0.1 at 2020-10-11 22:22:01 -0500
Processing by GifsController#index as */*
  [1m[36mGif Load (0.3ms)[0m  [1m[34mSELECT "gifs".* FROM "gifs"[0m
  ↳ app/controllers/gifs_controller.rb:8:in `index'
Completed 200 OK in 14ms (Views: 13.1ms | ActiveRecord: 0.3ms | Allocations: 1595)


Started GET "/gifs" for 127.0.0.1 at 2020-10-11 22:26:24 -0500
Processing by GifsController#index as */*
  [1m[36mGif Load (0.2ms)[0m  [1m[34mSELECT "gifs".* FROM "gifs"[0m
  ↳ app/controllers/gifs_controller.rb:8:in `index'
Completed 200 OK in 12ms (Views: 11.5ms | ActiveRecord: 0.2ms | Allocations: 1595)


Started GET "/gifs" for 127.0.0.1 at 2020-10-11 22:27:41 -0500
Processing by GifsController#index as */*
  [1m[36mGif Load (0.2ms)[0m  [1m[34mSELECT "gifs".* FROM "gifs"[0m
  ↳ app/controllers/gifs_controller.rb:8:in `index'
Completed 200 OK in 11ms (Views: 10.8ms | ActiveRecord: 0.2ms | Allocations: 1595)


Started GET "/gifs" for 127.0.0.1 at 2020-10-11 22:27:42 -0500
Processing by GifsController#index as */*
  [1m[36mGif Load (0.3ms)[0m  [1m[34mSELECT "gifs".* FROM "gifs"[0m
  ↳ app/controllers/gifs_controller.rb:8:in `index'
Completed 200 OK in 5ms (Views: 4.7ms | ActiveRecord: 0.3ms | Allocations: 1595)


Started GET "/gifs" for 127.0.0.1 at 2020-10-11 22:27:42 -0500
Processing by GifsController#index as */*
  [1m[36mGif Load (0.3ms)[0m  [1m[34mSELECT "gifs".* FROM "gifs"[0m
  ↳ app/controllers/gifs_controller.rb:8:in `index'
Completed 200 OK in 15ms (Views: 14.1ms | ActiveRecord: 0.3ms | Allocations: 1595)


Started GET "/gifs" for 127.0.0.1 at 2020-10-11 22:27:42 -0500
Processing by GifsController#index as */*
  [1m[36mGif Load (0.2ms)[0m  [1m[34mSELECT "gifs".* FROM "gifs"[0m
  ↳ app/controllers/gifs_controller.rb:8:in `index'
Completed 200 OK in 14ms (Views: 13.5ms | ActiveRecord: 0.2ms | Allocations: 1597)


Started GET "/gifs" for 127.0.0.1 at 2020-10-11 22:27:42 -0500
Processing by GifsController#index as */*
  [1m[36mGif Load (0.2ms)[0m  [1m[34mSELECT "gifs".* FROM "gifs"[0m
  ↳ app/controllers/gifs_controller.rb:8:in `index'
Completed 200 OK in 11ms (Views: 10.2ms | ActiveRecord: 0.2ms | Allocations: 1595)


Started GET "/gifs" for 127.0.0.1 at 2020-10-11 22:27:43 -0500
Processing by GifsController#index as */*
  [1m[36mGif Load (0.2ms)[0m  [1m[34mSELECT "gifs".* FROM "gifs"[0m
  ↳ app/controllers/gifs_controller.rb:8:in `index'
Completed 200 OK in 16ms (Views: 15.5ms | ActiveRecord: 0.2ms | Allocations: 1595)


Started GET "/gifs" for 127.0.0.1 at 2020-10-11 22:27:43 -0500
Processing by GifsController#index as */*
  [1m[36mGif Load (0.3ms)[0m  [1m[34mSELECT "gifs".* FROM "gifs"[0m
  ↳ app/controllers/gifs_controller.rb:8:in `index'
Completed 200 OK in 10ms (Views: 9.8ms | ActiveRecord: 0.3ms | Allocations: 1595)


Started GET "/gifs" for 127.0.0.1 at 2020-10-11 22:27:43 -0500
Processing by GifsController#index as */*
  [1m[36mGif Load (0.2ms)[0m  [1m[34mSELECT "gifs".* FROM "gifs"[0m
  ↳ app/controllers/gifs_controller.rb:8:in `index'
Completed 200 OK in 10ms (Views: 10.0ms | ActiveRecord: 0.2ms | Allocations: 1595)


Started GET "/gifs" for 127.0.0.1 at 2020-10-11 22:27:44 -0500
Processing by GifsController#index as */*
  [1m[36mGif Load (0.3ms)[0m  [1m[34mSELECT "gifs".* FROM "gifs"[0m
  ↳ app/controllers/gifs_controller.rb:8:in `index'
Completed 200 OK in 11ms (Views: 10.5ms | ActiveRecord: 0.3ms | Allocations: 1595)


Started GET "/gifs" for 127.0.0.1 at 2020-10-11 22:27:44 -0500
Processing by GifsController#index as */*
  [1m[36mGif Load (0.2ms)[0m  [1m[34mSELECT "gifs".* FROM "gifs"[0m
  ↳ app/controllers/gifs_controller.rb:8:in `index'
Completed 200 OK in 15ms (Views: 14.7ms | ActiveRecord: 0.2ms | Allocations: 1595)


Started GET "/gifs" for 127.0.0.1 at 2020-10-11 22:27:44 -0500
Processing by GifsController#index as */*
  [1m[36mGif Load (0.2ms)[0m  [1m[34mSELECT "gifs".* FROM "gifs"[0m
  ↳ app/controllers/gifs_controller.rb:8:in `index'
Completed 200 OK in 14ms (Views: 13.8ms | ActiveRecord: 0.2ms | Allocations: 1595)


Started GET "/gifs" for 127.0.0.1 at 2020-10-11 22:27:44 -0500
Processing by GifsController#index as */*
  [1m[36mGif Load (0.2ms)[0m  [1m[34mSELECT "gifs".* FROM "gifs"[0m
  ↳ app/controllers/gifs_controller.rb:8:in `index'
Completed 200 OK in 10ms (Views: 9.9ms | ActiveRecord: 0.2ms | Allocations: 1595)


Started GET "/gifs" for 127.0.0.1 at 2020-10-11 22:28:13 -0500
Processing by GifsController#index as */*
  [1m[36mGif Load (0.2ms)[0m  [1m[34mSELECT "gifs".* FROM "gifs"[0m
  ↳ app/controllers/gifs_controller.rb:8:in `index'
Completed 200 OK in 11ms (Views: 10.8ms | ActiveRecord: 0.2ms | Allocations: 1595)


Started GET "/gifs" for 127.0.0.1 at 2020-10-11 22:29:06 -0500
Processing by GifsController#index as */*
  [1m[36mGif Load (0.2ms)[0m  [1m[34mSELECT "gifs".* FROM "gifs"[0m
  ↳ app/controllers/gifs_controller.rb:8:in `index'
Completed 200 OK in 12ms (Views: 11.6ms | ActiveRecord: 0.2ms | Allocations: 1595)


Started GET "/gifs" for 127.0.0.1 at 2020-10-11 22:29:25 -0500
Processing by GifsController#index as */*
  [1m[36mGif Load (0.2ms)[0m  [1m[34mSELECT "gifs".* FROM "gifs"[0m
  ↳ app/controllers/gifs_controller.rb:8:in `index'
Completed 200 OK in 14ms (Views: 14.0ms | ActiveRecord: 0.2ms | Allocations: 1595)


Started GET "/gifs" for 127.0.0.1 at 2020-10-11 22:30:36 -0500
Processing by GifsController#index as */*
  [1m[36mGif Load (0.2ms)[0m  [1m[34mSELECT "gifs".* FROM "gifs"[0m
  ↳ app/controllers/gifs_controller.rb:8:in `index'
Completed 200 OK in 12ms (Views: 11.9ms | ActiveRecord: 0.2ms | Allocations: 1595)


Started GET "/gifs" for 127.0.0.1 at 2020-10-11 22:30:51 -0500
Processing by GifsController#index as */*
  [1m[36mGif Load (0.3ms)[0m  [1m[34mSELECT "gifs".* FROM "gifs"[0m
  ↳ app/controllers/gifs_controller.rb:8:in `index'
Completed 200 OK in 18ms (Views: 16.8ms | ActiveRecord: 0.3ms | Allocations: 1595)


Started GET "/gifs" for 127.0.0.1 at 2020-10-11 22:31:03 -0500
Processing by GifsController#index as */*
  [1m[36mGif Load (0.2ms)[0m  [1m[34mSELECT "gifs".* FROM "gifs"[0m
  ↳ app/controllers/gifs_controller.rb:8:in `index'
Completed 200 OK in 11ms (Views: 10.4ms | ActiveRecord: 0.2ms | Allocations: 1595)


